2025-12-31 15:48:10 +0000  Initial pipeline context: <IDEDistributionProcessingPipelineContext: 0xa2ab2db00; archive(resolved)="<IDEArchive: 0xa353e05b0>", distributionTask(resolved)="2", distributionDestination(resolved)="1", distributionMethod(resolved)="<IDEDistributionMethodiOSAdHoc: 0xa30ca72a0>", team(resolved)="<IDEProvisioningDisambiguatableBasicTeam: 0xa2105dd40; teamID='6KFL26YA9E', teamName='Osama Jassim', teamType='Individual', username='osama.jassim.go@gmail.com', isFreeProvisioningTeam='0'>">
	Chain (16, self inclusive):
	<IDEDistributionProcessingPipelineContext: 0xa2ab2db00; archive = "<IDEArchive: 0xa353e05b0>", distributionMethod="<IDEDistributionMethodiOSAdHoc: 0xa30ca72a0>", team="<IDEProvisioningDisambiguatableBasicTeam: 0xa2105dd40; teamID='6KFL26YA9E', teamName='Osama Jassim', teamType='Individual', username='osama.jassim.go@gmail.com', isFreeProvisioningTeam='0'>">
	<IDEDistributionProcessingPipelineContext: 0xa2ab2d800; archive = "<IDEArchive: 0xa353e05b0>", distributionMethod="<IDEDistributionMethodiOSAdHoc: 0xa30ca72a0>", team="<IDEProvisioningDisambiguatableBasicTeam: 0xa2105dd40; teamID='6KFL26YA9E', teamName='Osama Jassim', teamType='Individual', username='osama.jassim.go@gmail.com', isFreeProvisioningTeam='0'>">
	<IDEDistributionContext: 0xa1acb8000; archive = "<IDEArchive: 0xa353e05b0>", distributionMethod="<IDEDistributionMethodiOSAdHoc: 0xa30ca72a0>", team="<IDEProvisioningDisambiguatableBasicTeam: 0xa2105dd40; teamID='6KFL26YA9E', teamName='Osama Jassim', teamType='Individual', username='osama.jassim.go@gmail.com', isFreeProvisioningTeam='0'>">
	<IDEDistributionContext: 0xa1b0ecf00; archive = "<IDEArchive: 0xa353e05b0>", distributionMethod="<IDEDistributionMethodiOSAdHoc: 0xa30ca72a0>", team="<IDEProvisioningDisambiguatableBasicTeam: 0xa2105dd40; teamID='6KFL26YA9E', teamName='Osama Jassim', teamType='Individual', username='osama.jassim.go@gmail.com', isFreeProvisioningTeam='0'>">
	<IDEDistributionContext: 0xa1b0eca00; archive = "<IDEArchive: 0xa353e05b0>", distributionMethod="<IDEDistributionMethodiOSAdHoc: 0xa30ca72a0>", team="<IDEProvisioningDisambiguatableBasicTeam: 0xa2105dd40; teamID='6KFL26YA9E', teamName='Osama Jassim', teamType='Individual', username='osama.jassim.go@gmail.com', isFreeProvisioningTeam='0'>">
	<IDEDistributionContext: 0xa1b0cd680; archive = "<IDEArchive: 0xa353e05b0>", distributionMethod="<IDEDistributionMethodiOSAdHoc: 0xa30ca72a0>", team="<IDEProvisioningDisambiguatableBasicTeam: 0xa2105dd40; teamID='6KFL26YA9E', teamName='Osama Jassim', teamType='Individual', username='osama.jassim.go@gmail.com', isFreeProvisioningTeam='0'>">
	<IDEDistributionContext: 0xa1b23a300; archive = "<IDEArchive: 0xa353e05b0>", distributionMethod="<IDEDistributionMethodiOSAdHoc: 0xa30ca72a0>", team="<IDEProvisioningDisambiguatableBasicTeam: 0xa2105dd40; teamID='6KFL26YA9E', teamName='Osama Jassim', teamType='Individual', username='osama.jassim.go@gmail.com', isFreeProvisioningTeam='0'>">
	<IDEDistributionContext: 0xa1b377c00; archive = "<IDEArchive: 0xa353e05b0>", distributionMethod="<IDEDistributionMethodiOSAdHoc: 0xa30ca72a0>", team="<IDEProvisioningDisambiguatableBasicTeam: 0xa2105dd40; teamID='6KFL26YA9E', teamName='Osama Jassim', teamType='Individual', username='osama.jassim.go@gmail.com', isFreeProvisioningTeam='0'>">
	<IDEDistributionContext: 0xa1b675e00; archive = "<IDEArchive: 0xa353e05b0>", distributionMethod="<IDEDistributionMethodiOSAdHoc: 0xa30ca72a0>", team="<IDEProvisioningDisambiguatableBasicTeam: 0xa2105dd40; teamID='6KFL26YA9E', teamName='Osama Jassim', teamType='Individual', username='osama.jassim.go@gmail.com', isFreeProvisioningTeam='0'>">
	<IDEDistributionContext: 0xa1b676080; archive = "<IDEArchive: 0xa353e05b0>", distributionMethod="<IDEDistributionMethodiOSAdHoc: 0xa30ca72a0>", team="(null)">
	<IDEDistributionContext: 0xa1b677200; archive = "<IDEArchive: 0xa353e05b0>", distributionMethod="<IDEDistributionMethodiOSAdHoc: 0xa30ca72a0>", team="(null)">
	<IDEDistributionContext: 0xa1b677700; archive = "<IDEArchive: 0xa353e05b0>", distributionMethod="<IDEDistributionMethodiOSAdHoc: 0xa30ca72a0>", team="(null)">
	<IDEDistributionContext: 0xa1b675400; archive = "<IDEArchive: 0xa353e05b0>", distributionMethod="<IDEDistributionMethodiOSAdHoc: 0xa30ca72a0>", team="(null)">
	<IDEDistributionContext: 0xa1b677c00; archive = "<IDEArchive: 0xa353e05b0>", distributionMethod="(null)", team="(null)">
	<IDEDistributionContext: 0xa2266c500; archive = "<IDEArchive: 0xa353e05b0>", distributionMethod="(null)", team="(null)">
	<IDEDistributionContext: 0xa2266c780; archive = "<IDEArchive: 0xa353e05b0>", distributionMethod="(null)", team="(null)">
</IDEDistributionProcessingPipelineContext: 0xa2ab2db00>
2025-12-31 15:48:10 +0000  Processing step: IDEDistributionCreateDestRootStep
2025-12-31 15:48:10 +0000  Processing step: IDEDistributionCopyItemStep
2025-12-31 15:48:10 +0000  Running /usr/bin/ditto '-V' '/Users/osamaali/Library/Developer/Xcode/Archives/2025-12-31/CoachApp 31-12-2025, 6.47 PM.xcarchive/Products/Applications/CoachApp.app' '/var/folders/0x/79ss3wwx11xfz_v8jwh42n6h0000gn/T/XcodeDistPipeline.~~~62fPs0/Root/Payload/CoachApp.app'
2025-12-31 15:48:10 +0000  >>> Copying /Users/osamaali/Library/Developer/Xcode/Archives/2025-12-31/CoachApp 31-12-2025, 6.47 PM.xcarchive/Products/Applications/CoachApp.app 
2025-12-31 15:48:10 +0000  copying file ./_CodeSignature/CodeResources ... 
2025-12-31 15:48:10 +0000  7597 bytes for ./_CodeSignature/CodeResources
2025-12-31 15:48:10 +0000  copying file ./ar.lproj/Subscribers.strings ... 
2025-12-31 15:48:10 +0000  1340 bytes for ./ar.lproj/Subscribers.strings
2025-12-31 15:48:10 +0000  copying file ./ar.lproj/Machines.strings ... 
2025-12-31 15:48:10 +0000  2165 bytes for ./ar.lproj/Machines.strings
2025-12-31 15:48:10 +0000  copying file ./ar.lproj/Dashboard.strings ... 
2025-12-31 15:48:10 +0000  1106 bytes for ./ar.lproj/Dashboard.strings
2025-12-31 15:48:10 +0000  copying file ./ar.lproj/Courses.strings ... 
2025-12-31 15:48:10 +0000  3834 bytes for ./ar.lproj/Courses.strings
2025-12-31 15:48:10 +0000  copying file ./ar.lproj/Goals.strings ... 
2025-12-31 15:48:10 +0000  1820 bytes for ./ar.lproj/Goals.strings
2025-12-31 15:48:10 +0000  copying file ./ar.lproj/Common.strings ... 
2025-12-31 15:48:10 +0000  1434 bytes for ./ar.lproj/Common.strings
2025-12-31 15:48:10 +0000  copying file ./ar.lproj/Settings.strings ... 
2025-12-31 15:48:10 +0000  1824 bytes for ./ar.lproj/Settings.strings
2025-12-31 15:48:10 +0000  copying file ./en.lproj/Subscribers.strings ... 
2025-12-31 15:48:10 +0000  609 bytes for ./en.lproj/Subscribers.strings
2025-12-31 15:48:10 +0000  copying file ./en.lproj/Machines.strings ... 
2025-12-31 15:48:10 +0000  914 bytes for ./en.lproj/Machines.strings
2025-12-31 15:48:10 +0000  copying file ./en.lproj/Dashboard.strings ... 
2025-12-31 15:48:10 +0000  466 bytes for ./en.lproj/Dashboard.strings
2025-12-31 15:48:10 +0000  copying file ./en.lproj/Courses.strings ... 
2025-12-31 15:48:10 +0000  1555 bytes for ./en.lproj/Courses.strings
2025-12-31 15:48:10 +0000  copying file ./en.lproj/Goals.strings ... 
2025-12-31 15:48:10 +0000  782 bytes for ./en.lproj/Goals.strings
2025-12-31 15:48:10 +0000  copying file ./en.lproj/Common.strings ... 
2025-12-31 15:48:10 +0000  543 bytes for ./en.lproj/Common.strings
2025-12-31 15:48:10 +0000  copying file ./en.lproj/Settings.strings ... 
2025-12-31 15:48:10 +0000  715 bytes for ./en.lproj/Settings.strings
2025-12-31 15:48:10 +0000  copying file ./AppIcon60x60@2x.png ... 
2025-12-31 15:48:10 +0000  5763 bytes for ./AppIcon60x60@2x.png
2025-12-31 15:48:10 +0000  copying file ./CoachApp ... 
2025-12-31 15:48:10 +0000  2822256 bytes for ./CoachApp
2025-12-31 15:48:10 +0000  copying file ./Assets.car ... 
2025-12-31 15:48:10 +0000  109176 bytes for ./Assets.car
2025-12-31 15:48:10 +0000  copying file ./AppIcon76x76@2x~ipad.png ... 
2025-12-31 15:48:10 +0000  7508 bytes for ./AppIcon76x76@2x~ipad.png
2025-12-31 15:48:10 +0000  copying file ./embedded.mobileprovision ... 
2025-12-31 15:48:10 +0000  15287 bytes for ./embedded.mobileprovision
2025-12-31 15:48:10 +0000  copying file ./Info.plist ... 
2025-12-31 15:48:10 +0000  1631 bytes for ./Info.plist
2025-12-31 15:48:10 +0000  copying file ./PkgInfo ... 
2025-12-31 15:48:10 +0000  8 bytes for ./PkgInfo
2025-12-31 15:48:10 +0000  /usr/bin/ditto exited with 0
2025-12-31 15:48:10 +0000  Processing step: IDEDistributionEmbedProfileStep
2025-12-31 15:48:10 +0000  Processing step: IDEDistributionInfoPlistStep
2025-12-31 15:48:10 +0000  Skipping step: IDEDistributionInfoPlistStep because it said so
2025-12-31 15:48:10 +0000  Processing step: IDEDistributionAppThinningPlistStep
2025-12-31 15:48:10 +0000  Skipping step: IDEDistributionAppThinningPlistStep because it said so
2025-12-31 15:48:10 +0000  Processing step: IDEDistributionSymbolsStep
2025-12-31 15:48:10 +0000  Skipping step: IDEDistributionSymbolsStep because it said so
2025-12-31 15:48:10 +0000  Processing step: IDEDistributionAppThinningStep
2025-12-31 15:48:10 +0000  Skipping step: IDEDistributionAppThinningStep because it said so
2025-12-31 15:48:10 +0000  Processing step: IDEDistributionArchThinningStep
2025-12-31 15:48:10 +0000  Archs to thin for item /Users/osamaali/Library/Developer/Xcode/Archives/2025-12-31/CoachApp 31-12-2025, 6.47 PM.xcarchive/Products/Applications/CoachApp.app are []
2025-12-31 15:48:10 +0000  Processing step: IDEDistributionODRStep
2025-12-31 15:48:10 +0000  Processing step: IDEDistributionStripXattrsStep
2025-12-31 15:48:10 +0000  Skipping stripping extended attributes because the codesign step will strip them.
2025-12-31 15:48:10 +0000  Processing step: IDEDistributionCodesignStep
2025-12-31 15:48:10 +0000  Entitlements for <IDEDistributionItem: 0xa1a645f80; bundleID='zaid.CoachApp', path='<DVTFilePath:0xa1a65b840:'/Users/osamaali/Library/Developer/Xcode/Archives/2025-12-31/CoachApp 31-12-2025, 6.47 PM.xcarchive/Products/Applications/CoachApp.app'>', codeSigningInfo='<_DVTCodeSigningInformation_Path: 0xa1a647840; isSigned='1', isAdHocSigned='0', signingCertificate='<DVTSigningCertificate: 0xa33231b00; name='Apple Development: Osama Jassim (MTA27WEWAX)', hash='514F21EDBE6B17AA628A2F7D27E167F9AED7C14B', serialNumber='1899FF36B1D61671CD81FA33E54B3042', certificateKinds='(
    "1.2.840.113635.100.6.1.12",
    "1.2.840.113635.100.6.1.2"
), issueDate='2025-11-29 10:48:35 +0000''>', entitlements='{
    "application-identifier" = "6KFL26YA9E.zaid.CoachApp";
    "aps-environment" = development;
    "com.apple.developer.icloud-container-identifiers" =     (
        "iCloud.zaid.CoachApp"
    );
    "com.apple.developer.icloud-services" =     (
        CloudKit
    );
    "com.apple.developer.team-identifier" = 6KFL26YA9E;
    "get-task-allow" = 1;
}', teamID='6KFL26YA9E', identifier='zaid.CoachApp', executablePath='<DVTFilePath:0xa1a65a280:'/Users/osamaali/Library/Developer/Xcode/Archives/2025-12-31/CoachApp 31-12-2025, 6.47 PM.xcarchive/Products/Applications/CoachApp.app/CoachApp'>', hardenedRuntime='1'>'>: {
    "application-identifier" = "6KFL26YA9E.zaid.CoachApp";
    "aps-environment" = production;
    "com.apple.developer.icloud-container-environment" = Production;
    "com.apple.developer.icloud-container-identifiers" =     (
        "iCloud.zaid.CoachApp"
    );
    "com.apple.developer.icloud-services" =     (
        CloudKit
    );
    "com.apple.developer.team-identifier" = 6KFL26YA9E;
    "get-task-allow" = 0;
}
2025-12-31 15:48:10 +0000  Associated App Clip Identifiers Filter: Skipping because "com.apple.developer.associated-appclip-app-identifiers" is not present
2025-12-31 15:48:10 +0000  Entitlements for <IDEDistributionItem: 0xa1a645f80; bundleID='zaid.CoachApp', path='<DVTFilePath:0xa1a65b840:'/Users/osamaali/Library/Developer/Xcode/Archives/2025-12-31/CoachApp 31-12-2025, 6.47 PM.xcarchive/Products/Applications/CoachApp.app'>', codeSigningInfo='<_DVTCodeSigningInformation_Path: 0xa1a647840; isSigned='1', isAdHocSigned='0', signingCertificate='<DVTSigningCertificate: 0xa33232400; name='Apple Development: Osama Jassim (MTA27WEWAX)', hash='514F21EDBE6B17AA628A2F7D27E167F9AED7C14B', serialNumber='1899FF36B1D61671CD81FA33E54B3042', certificateKinds='(
    "1.2.840.113635.100.6.1.12",
    "1.2.840.113635.100.6.1.2"
), issueDate='2025-11-29 10:48:35 +0000''>', entitlements='{
    "application-identifier" = "6KFL26YA9E.zaid.CoachApp";
    "aps-environment" = development;
    "com.apple.developer.icloud-container-identifiers" =     (
        "iCloud.zaid.CoachApp"
    );
    "com.apple.developer.icloud-services" =     (
        CloudKit
    );
    "com.apple.developer.team-identifier" = 6KFL26YA9E;
    "get-task-allow" = 1;
}', teamID='6KFL26YA9E', identifier='zaid.CoachApp', executablePath='<DVTFilePath:0xa1a65a280:'/Users/osamaali/Library/Developer/Xcode/Archives/2025-12-31/CoachApp 31-12-2025, 6.47 PM.xcarchive/Products/Applications/CoachApp.app/CoachApp'>', hardenedRuntime='1'>'> are: {
    "application-identifier" = "6KFL26YA9E.zaid.CoachApp";
    "aps-environment" = production;
    "com.apple.developer.icloud-container-environment" = Production;
    "com.apple.developer.icloud-container-identifiers" =     (
        "iCloud.zaid.CoachApp"
    );
    "com.apple.developer.icloud-services" =     (
        CloudKit
    );
    "com.apple.developer.team-identifier" = 6KFL26YA9E;
    "get-task-allow" = 0;
}
2025-12-31 15:48:10 +0000  Writing entitlements for <IDEDistributionItem: 0xa1a645f80; bundleID='zaid.CoachApp', path='<DVTFilePath:0xa1a65b840:'/Users/osamaali/Library/Developer/Xcode/Archives/2025-12-31/CoachApp 31-12-2025, 6.47 PM.xcarchive/Products/Applications/CoachApp.app'>', codeSigningInfo='<_DVTCodeSigningInformation_Path: 0xa1a647840; isSigned='1', isAdHocSigned='0', signingCertificate='<DVTSigningCertificate: 0xa33232400; name='Apple Development: Osama Jassim (MTA27WEWAX)', hash='514F21EDBE6B17AA628A2F7D27E167F9AED7C14B', serialNumber='1899FF36B1D61671CD81FA33E54B3042', certificateKinds='(
    "1.2.840.113635.100.6.1.12",
    "1.2.840.113635.100.6.1.2"
), issueDate='2025-11-29 10:48:35 +0000''>', entitlements='{
    "application-identifier" = "6KFL26YA9E.zaid.CoachApp";
    "aps-environment" = development;
    "com.apple.developer.icloud-container-identifiers" =     (
        "iCloud.zaid.CoachApp"
    );
    "com.apple.developer.icloud-services" =     (
        CloudKit
    );
    "com.apple.developer.team-identifier" = 6KFL26YA9E;
    "get-task-allow" = 1;
}', teamID='6KFL26YA9E', identifier='zaid.CoachApp', executablePath='<DVTFilePath:0xa1a65a280:'/Users/osamaali/Library/Developer/Xcode/Archives/2025-12-31/CoachApp 31-12-2025, 6.47 PM.xcarchive/Products/Applications/CoachApp.app/CoachApp'>', hardenedRuntime='1'>'> to: /var/folders/0x/79ss3wwx11xfz_v8jwh42n6h0000gn/T/XcodeDistPipeline.~~~62fPs0/entitlements~~~kYSpGl
2025-12-31 15:48:10 +0000  invoking codesign: <NSConcreteTask: 0xa23d0ad50; launchPath='/usr/bin/codesign', arguments='(
    "-f",
    "-s",
    FF41945406B4933C0AC9DA5EE041B59FE108D459,
    "--entitlements",
    "/var/folders/0x/79ss3wwx11xfz_v8jwh42n6h0000gn/T/XcodeDistPipeline.~~~62fPs0/entitlements~~~kYSpGl",
    "--preserve-metadata=identifier,flags,runtime,launch-constraints,library-constraints",
    "--generate-entitlement-der",
    "--strip-disallowed-xattrs",
    "-vvv",
    "/var/folders/0x/79ss3wwx11xfz_v8jwh42n6h0000gn/T/XcodeDistPipeline.~~~62fPs0/Root/Payload/CoachApp.app"
)'>
2025-12-31 15:48:24 +0000  codesign output: /var/folders/0x/79ss3wwx11xfz_v8jwh42n6h0000gn/T/XcodeDistPipeline.~~~62fPs0/Root/Payload/CoachApp.app: replacing existing signature
/var/folders/0x/79ss3wwx11xfz_v8jwh42n6h0000gn/T/XcodeDistPipeline.~~~62fPs0/Root/Payload/CoachApp.app: signed app bundle with Mach-O thin (arm64) [zaid.CoachApp]
2025-12-31 15:48:24 +0000  Processing step: IDEDistributionZipODRItemStep
2025-12-31 15:48:24 +0000  Skipping step: IDEDistributionZipODRItemStep because it said so
2025-12-31 15:48:24 +0000  Processing step: IDEDistributionCreateIPAStep
2025-12-31 15:48:24 +0000  Running /usr/bin/ditto '-V' '-c' '-k' '--norsrc' '/var/folders/0x/79ss3wwx11xfz_v8jwh42n6h0000gn/T/XcodeDistPipeline.~~~62fPs0/Root' '/var/folders/0x/79ss3wwx11xfz_v8jwh42n6h0000gn/T/XcodeDistPipeline.~~~62fPs0/Packages/CoachApp.ipa'
2025-12-31 15:48:24 +0000  >>> Copying /var/folders/0x/79ss3wwx11xfz_v8jwh42n6h0000gn/T/XcodeDistPipeline.~~~62fPs0/Root 
2025-12-31 15:48:24 +0000  copying file ./Payload/CoachApp.app/_CodeSignature/CodeResources ... 
2025-12-31 15:48:24 +0000  7597 bytes for ./Payload/CoachApp.app/_CodeSignature/CodeResources
2025-12-31 15:48:24 +0000  copying file ./Payload/CoachApp.app/ar.lproj/Subscribers.strings ... 
2025-12-31 15:48:24 +0000  1340 bytes for ./Payload/CoachApp.app/ar.lproj/Subscribers.strings
2025-12-31 15:48:24 +0000  copying file ./Payload/CoachApp.app/ar.lproj/Machines.strings ... 
2025-12-31 15:48:24 +0000  2165 bytes for ./Payload/CoachApp.app/ar.lproj/Machines.strings
2025-12-31 15:48:24 +0000  copying file ./Payload/CoachApp.app/ar.lproj/Dashboard.strings ... 
2025-12-31 15:48:24 +0000  1106 bytes for ./Payload/CoachApp.app/ar.lproj/Dashboard.strings
2025-12-31 15:48:24 +0000  copying file ./Payload/CoachApp.app/ar.lproj/Courses.strings ... 
2025-12-31 15:48:24 +0000  3834 bytes for ./Payload/CoachApp.app/ar.lproj/Courses.strings
2025-12-31 15:48:24 +0000  copying file ./Payload/CoachApp.app/ar.lproj/Goals.strings ... 
2025-12-31 15:48:24 +0000  1820 bytes for ./Payload/CoachApp.app/ar.lproj/Goals.strings
2025-12-31 15:48:24 +0000  copying file ./Payload/CoachApp.app/ar.lproj/Common.strings ... 
2025-12-31 15:48:24 +0000  1434 bytes for ./Payload/CoachApp.app/ar.lproj/Common.strings
2025-12-31 15:48:24 +0000  copying file ./Payload/CoachApp.app/ar.lproj/Settings.strings ... 
2025-12-31 15:48:24 +0000  1824 bytes for ./Payload/CoachApp.app/ar.lproj/Settings.strings
2025-12-31 15:48:24 +0000  copying file ./Payload/CoachApp.app/en.lproj/Subscribers.strings ... 
2025-12-31 15:48:24 +0000  609 bytes for ./Payload/CoachApp.app/en.lproj/Subscribers.strings
2025-12-31 15:48:24 +0000  copying file ./Payload/CoachApp.app/en.lproj/Machines.strings ... 
2025-12-31 15:48:24 +0000  914 bytes for ./Payload/CoachApp.app/en.lproj/Machines.strings
2025-12-31 15:48:24 +0000  copying file ./Payload/CoachApp.app/en.lproj/Dashboard.strings ... 
2025-12-31 15:48:24 +0000  466 bytes for ./Payload/CoachApp.app/en.lproj/Dashboard.strings
2025-12-31 15:48:24 +0000  copying file ./Payload/CoachApp.app/en.lproj/Courses.strings ... 
2025-12-31 15:48:24 +0000  1555 bytes for ./Payload/CoachApp.app/en.lproj/Courses.strings
2025-12-31 15:48:24 +0000  copying file ./Payload/CoachApp.app/en.lproj/Goals.strings ... 
2025-12-31 15:48:24 +0000  782 bytes for ./Payload/CoachApp.app/en.lproj/Goals.strings
2025-12-31 15:48:24 +0000  copying file ./Payload/CoachApp.app/en.lproj/Common.strings ... 
2025-12-31 15:48:24 +0000  543 bytes for ./Payload/CoachApp.app/en.lproj/Common.strings
2025-12-31 15:48:24 +0000  copying file ./Payload/CoachApp.app/en.lproj/Settings.strings ... 
2025-12-31 15:48:24 +0000  715 bytes for ./Payload/CoachApp.app/en.lproj/Settings.strings
2025-12-31 15:48:24 +0000  copying file ./Payload/CoachApp.app/AppIcon60x60@2x.png ... 
2025-12-31 15:48:24 +0000  5763 bytes for ./Payload/CoachApp.app/AppIcon60x60@2x.png
2025-12-31 15:48:24 +0000  copying file ./Payload/CoachApp.app/CoachApp ... 
2025-12-31 15:48:24 +0000  2822416 bytes for ./Payload/CoachApp.app/CoachApp
2025-12-31 15:48:24 +0000  copying file ./Payload/CoachApp.app/Assets.car ... 
2025-12-31 15:48:24 +0000  109176 bytes for ./Payload/CoachApp.app/Assets.car
2025-12-31 15:48:24 +0000  copying file ./Payload/CoachApp.app/AppIcon76x76@2x~ipad.png ... 
2025-12-31 15:48:24 +0000  7508 bytes for ./Payload/CoachApp.app/AppIcon76x76@2x~ipad.png
2025-12-31 15:48:24 +0000  copying file ./Payload/CoachApp.app/embedded.mobileprovision ... 
2025-12-31 15:48:24 +0000  19410 bytes for ./Payload/CoachApp.app/embedded.mobileprovision
2025-12-31 15:48:24 +0000  copying file ./Payload/CoachApp.app/Info.plist ... 
2025-12-31 15:48:24 +0000  1631 bytes for ./Payload/CoachApp.app/Info.plist
2025-12-31 15:48:24 +0000  copying file ./Payload/CoachApp.app/PkgInfo ... 
2025-12-31 15:48:24 +0000  8 bytes for ./Payload/CoachApp.app/PkgInfo
2025-12-31 15:48:24 +0000  /usr/bin/ditto exited with 0
2025-12-31 15:48:24 +0000  Processing step: IDEDistributionAppStoreInformationStep
2025-12-31 15:48:24 +0000  Skipping step: IDEDistributionAppStoreInformationStep because it said so
2025-12-31 15:48:24 +0000  Processing step: IDEDistributionGenerateProcessedDistributionItems
2025-12-31 15:48:24 +0000  IDEDistributionItem init <DVTFilePath:0xa1a656640:'/var/folders/0x/79ss3wwx11xfz_v8jwh42n6h0000gn/T/XcodeDistPipeline.~~~62fPs0/Root/Payload/CoachApp.app'>
2025-12-31 15:48:24 +0000  Processing step: IDEDistributionCreateManifestStep
